This file contains any messages produced by compilers while
running configure, to aid debugging if configure makes a mistake.

It was created by configure, which was
generated by GNU Autoconf 2.59.  Invocation command line was

  $ ./configure --with-hc=ghc --prefix=/home/dons

## --------- ##
## Platform. ##
## --------- ##

hostname = paprika.cse.unsw.edu.au
uname -m = i386
uname -r = 3.8
uname -s = OpenBSD
uname -v = GENERIC#3

/usr/bin/uname -p = Intel(R) Pentium(R) M processor 1600MHz ("GenuineIntel" 686-class)
/bin/uname -X     = unknown

/bin/arch              = unknown
/usr/bin/arch -k       = OpenBSD.i386
/usr/convex/getsysinfo = unknown
hostinfo               = unknown
/bin/machine           = unknown
/usr/bin/oslevel       = unknown
/bin/universe          = unknown

PATH: /home/dons/bin
PATH: /bin
PATH: /usr/bin
PATH: /usr/local/bin
PATH: /usr/X11R6/bin
PATH: /home/dons/bin
PATH: /sbin
PATH: /usr/sbin
PATH: /usr/local/sbin
PATH: /home/dons/3161/comp3161/minhs


## ----------- ##
## Core tests. ##
## ----------- ##

configure:1255: checking for mpg321
configure:1273: found /usr/local/bin/mpg321
configure:1286: result: /usr/local/bin/mpg321
configure:1353: checking for gcc
configure:1369: found /usr/bin/gcc
configure:1379: result: gcc
configure:1623: checking for C compiler version
configure:1626: gcc --version </dev/null >&5
gcc (GCC) 3.3.5 (propolice)
Copyright (C) 2003 Free Software Foundation, Inc.
This is free software; see the source for copying conditions.  There is NO
warranty; not even for MERCHANTABILITY or FITNESS FOR A PARTICULAR PURPOSE.

configure:1629: $? = 0
configure:1631: gcc -v </dev/null >&5
Reading specs from /usr/lib/gcc-lib/i386-unknown-openbsd3.8/3.3.5/specs
Configured with: 
Thread model: single
gcc version 3.3.5 (propolice)
configure:1634: $? = 0
configure:1636: gcc -V </dev/null >&5
gcc: `-V' option must have argument
configure:1639: $? = 1
configure:1662: checking for C compiler default output file name
configure:1665: gcc  -I/usr/local/include -L/usr/local/lib conftest.c  >&5
configure:1668: $? = 0
configure:1714: result: a.out
configure:1719: checking whether the C compiler works
configure:1725: ./a.out
configure:1728: $? = 0
configure:1745: result: yes
configure:1752: checking whether we are cross compiling
configure:1754: result: no
configure:1757: checking for suffix of executables
configure:1759: gcc -o conftest  -I/usr/local/include -L/usr/local/lib conftest.c  >&5
configure:1762: $? = 0
configure:1787: result: 
configure:1793: checking for suffix of object files
configure:1814: gcc -c  -I/usr/local/include conftest.c >&5
configure:1817: $? = 0
configure:1839: result: o
configure:1843: checking whether we are using the GNU C compiler
configure:1867: gcc -c  -I/usr/local/include conftest.c >&5
configure:1873: $? = 0
configure:1877: test -z 
			 || test ! -s conftest.err
configure:1880: $? = 0
configure:1883: test -s conftest.o
configure:1886: $? = 0
configure:1899: result: yes
configure:1905: checking whether gcc accepts -g
configure:1926: gcc -c -g -I/usr/local/include conftest.c >&5
configure:1932: $? = 0
configure:1936: test -z 
			 || test ! -s conftest.err
configure:1939: $? = 0
configure:1942: test -s conftest.o
configure:1945: $? = 0
configure:1956: result: yes
configure:1973: checking for gcc option to accept ANSI C
configure:2043: gcc  -c -g -O2 -I/usr/local/include conftest.c >&5
configure:2049: $? = 0
configure:2053: test -z 
			 || test ! -s conftest.err
configure:2056: $? = 0
configure:2059: test -s conftest.o
configure:2062: $? = 0
configure:2080: result: none needed
configure:2098: gcc -c -g -O2 -I/usr/local/include conftest.c >&5
conftest.c:2: error: syntax error before "me"
configure:2104: $? = 1
configure: failed program was:
| #ifndef __cplusplus
|   choke me
| #endif
configure:2239: checking for addnstr in -lncurses
configure:2269: gcc -o conftest -g -O2 -I/usr/local/include -L/usr/local/lib conftest.c -lncurses   >&5
configure:2275: $? = 0
configure:2279: test -z 
			 || test ! -s conftest.err
configure:2282: $? = 0
configure:2285: test -s conftest
configure:2288: $? = 0
configure:2301: result: yes
configure:2502: creating ./config.status

## ---------------------- ##
## Running config.status. ##
## ---------------------- ##

This file was extended by config.status, which was
generated by GNU Autoconf 2.59.  Invocation command line was

  CONFIG_FILES    = 
  CONFIG_HEADERS  = 
  CONFIG_LINKS    = 
  CONFIG_COMMANDS = 
  $ ./config.status 

on paprika.cse.unsw.edu.au

config.status:454: creating cbits/config.h
config.status:544: cbits/config.h is unchanged

## ---------------- ##
## Cache variables. ##
## ---------------- ##

ac_cv_c_compiler_gnu=yes
ac_cv_env_CC_set=
ac_cv_env_CC_value=
ac_cv_env_CFLAGS_set=
ac_cv_env_CFLAGS_value=
ac_cv_env_CPPFLAGS_set=set
ac_cv_env_CPPFLAGS_value=-I/usr/local/include
ac_cv_env_LDFLAGS_set=set
ac_cv_env_LDFLAGS_value=-L/usr/local/lib
ac_cv_env_build_alias_set=
ac_cv_env_build_alias_value=
ac_cv_env_host_alias_set=
ac_cv_env_host_alias_value=
ac_cv_env_target_alias_set=
ac_cv_env_target_alias_value=
ac_cv_exeext=
ac_cv_lib_ncurses_addnstr=yes
ac_cv_objext=o
ac_cv_path_MPG321=/usr/local/bin/mpg321
ac_cv_prog_ac_ct_CC=gcc
ac_cv_prog_cc_g=yes
ac_cv_prog_cc_stdc=

## ----------------- ##
## Output variables. ##
## ----------------- ##

CC='gcc'
CFLAGS='-g -O2'
CPPFLAGS='-I/usr/local/include'
DEFS='-DHAVE_CONFIG_H'
ECHO_C=''ECHO_N=''
ECHO_T=''
EXEEXT=''
LDFLAGS='-L/usr/local/lib'
LIBOBJS=''
LIBS='-lncurses '
LTLIBOBJS=''
MPG321='/usr/local/bin/mpg321'
OBJEXT='o'
PACKAGE_BUGREPORT=''
PACKAGE_NAME=''
PACKAGE_STRING=''
PACKAGE_TARNAME=''
PACKAGE_VERSION=''
PATH_SEPARATOR=':'
SHELL='/bin/sh'
SYMS=''
ac_ct_CC='gcc'
bindir='${exec_prefix}/bin'
build_alias=''
datadir='${prefix}/share'
exec_prefix='${prefix}'
host_alias=''
includedir='${prefix}/include'
infodir='${prefix}/info'
libdir='${exec_prefix}/lib'
libexecdir='${exec_prefix}/libexec'
localstatedir='${prefix}/var'
mandir='${prefix}/man'
oldincludedir='/usr/include'
prefix='/home/dons'
program_transform_name='s,x,x,'
sbindir='${exec_prefix}/sbin'
sharedstatedir='${prefix}/com'
sysconfdir='${prefix}/etc'
target_alias=''

## ----------- ##
## confdefs.h. ##
## ----------- ##

#define HAVE_LIBNCURSES 1
#define MPG321 "/usr/local/bin/mpg321"
#define PACKAGE_BUGREPORT ""
#define PACKAGE_NAME ""
#define PACKAGE_STRING ""
#define PACKAGE_TARNAME ""
#define PACKAGE_VERSION ""
#define PATCH_COUNT 0
#define REPO_PATH ""

configure: exit 0
